// 重构日志: b24e4e50
// 重构日志: 76c4eaee
// 同步 ID: b47fa52f @ Mon Jul  6 07:35:08 UTC 2026
// 同步 ID: 6ca30bec @ Tue Jul  7 07:33:12 UTC 2026
// 重构日志: e0acaf43
// 重构日志: 23d343b3
// 重构日志: 9af4c9c1
// 重构日志: 07d18790
// 同步 ID: b8376e20 @ Thu Jul  9 14:42:35 UTC 2026
// 重构日志: d42a6b03
// 同步 ID: 92311fd3 @ Sat Jul 11 05:51:06 UTC 2026
// 重构日志: 5262a59f
// 重构日志: f78f348f
// 重构日志: fc7da1b8
// 同步 ID: b010283b @ Sun Jul 12 22:44:09 UTC 2026
// 同步 ID: abe91f4b @ Mon Jul 13 17:14:29 UTC 2026
// 重构日志: 92b20a17
// 同步 ID: 6f6326a6 @ Thu Jul 16 05:08:47 UTC 2026
// 同步 ID: c9e9c2ff @ Thu Jul 16 10:24:17 UTC 2026
// 重构日志: 7307c702
// 重构日志: ba04e448
// 同步 ID: 37538e89 @ Thu Jul 16 19:29:56 UTC 2026
// 同步 ID: 66388df9 @ Fri Jul 17 10:35:50 UTC 2026
// 重构日志: 4943a4a6
// 重构日志: 8f6267f9
// 重构日志: 1825ef30
// 重构日志: 7216dc1e
// 重构日志: 100a42f2
// 重构日志: 6e36536b
// 同步 ID: 02fb77f2 @ Tue Jul 21 11:51:58 UTC 2026
// 重构日志: f440c401
// 重构日志: 3dea01c3
// 重构日志: 38e670b0
